Running 5 tests

 ***** TestParallelSimpleLinearEllipticAssembler.hpp *****


Entering testWithHeatEquationAndMeshReader


 ***** TestParallelSimpleLinearEllipticAssembler.hpp *****


Entering testWithHeatEquationAndMeshReader
Passed
Entering testHeatEquationWithNeumannOnUnitDisc
Passed
Entering testHeatEquationWithNeumannOnUnitDisc
Passed


 ***** TestParallelLinearSystem.hpp *****


Entering testLinearSystem1
Passed


 ***** TestParallelLinearSystem.hpp *****


Entering testLinearSystem1
Passed
Entering testLinearSystem2
Passed
Entering testLinearSystem2
Passed


 ***** TestPetSCSetup.hpp *****


Entering testPetscIsThere
Passed
Passed


 ***** TestPetSCSetup.hpp *****


Entering testPetscIsThere
Passed
OK!
OK!
