Running 6 testsEntering testNonnecroticTumourC
Passed
Entering testPrac1Question1
Passed
Entering testPrac1Question1Nonlinear
Passed
Entering testPrac1Question2
Passed
Entering testPrac1Questions3to5
Passed
Entering testPrac1Question6
x_alpha = 0
Cell Velocity at boundary = 0.994991
X_new = 1.00995
x_alpha = 0
Cell Velocity at boundary = 0.985188
X_new = 1.0198
x_alpha = 0
Cell Velocity at boundary = 0.975671
X_new = 1.02956
x_alpha = 0
Cell Velocity at boundary = 0.966425
X_new = 1.03922
x_alpha = 0
Cell Velocity at boundary = 0.957438
X_new = 1.0488
x_alpha = 0
Cell Velocity at boundary = 0.948697
X_new = 1.05828
x_alpha = 0
Cell Velocity at boundary = 0.940193
X_new = 1.06769
x_alpha = 0
Cell Velocity at boundary = 0.931913
X_new = 1.07701
x_alpha = 0
Cell Velocity at boundary = 0.92385
X_new = 1.08624
x_alpha = 0
Cell Velocity at boundary = 0.915992
X_new = 1.0954
x_alpha = 0
Cell Velocity at boundary = 0.908333
X_new = 1.10449
x_alpha = 0
Cell Velocity at boundary = 0.900863
X_new = 1.1135
x_alpha = 0
Cell Velocity at boundary = 0.893574
X_new = 1.12243
x_alpha = 0
Cell Velocity at boundary = 0.88646
X_new = 1.1313
x_alpha = 0
Cell Velocity at boundary = 0.879514
X_new = 1.14009
x_alpha = 0
Cell Velocity at boundary = 0.872729
X_new = 1.14882
x_alpha = 0
Cell Velocity at boundary = 0.866099
X_new = 1.15748
x_alpha = 0
Cell Velocity at boundary = 0.859619
X_new = 1.16608
x_alpha = 0
Cell Velocity at boundary = 0.853282
X_new = 1.17461
x_alpha = 0
Cell Velocity at boundary = 0.847083
X_new = 1.18308
x_alpha = 0
Cell Velocity at boundary = 0.841018
X_new = 1.19149
x_alpha = 0
Cell Velocity at boundary = 0.835082
X_new = 1.19984
x_alpha = 0
Cell Velocity at boundary = 0.82927
X_new = 1.20813
x_alpha = 0
Cell Velocity at boundary = 0.823577
X_new = 1.21637
x_alpha = 0
Cell Velocity at boundary = 0.818001
X_new = 1.22455
x_alpha = 0
Cell Velocity at boundary = 0.812537
X_new = 1.23267
x_alpha = 0
Cell Velocity at boundary = 0.807181
X_new = 1.24075
x_alpha = 0
Cell Velocity at boundary = 0.80193
X_new = 1.24877
x_alpha = 0
Cell Velocity at boundary = 0.79678
X_new = 1.25673
x_alpha = 0
Cell Velocity at boundary = 0.791728
X_new = 1.26465
x_alpha = 0
Cell Velocity at boundary = 0.786772
X_new = 1.27252
x_alpha = 0
Cell Velocity at boundary = 0.781907
X_new = 1.28034
x_alpha = 0
Cell Velocity at boundary = 0.777132
X_new = 1.28811
x_alpha = 0
Cell Velocity at boundary = 0.772444
X_new = 1.29583
x_alpha = 0
Cell Velocity at boundary = 0.767839
X_new = 1.30351
x_alpha = 0
Cell Velocity at boundary = 0.763316
X_new = 1.31114
x_alpha = 0
Cell Velocity at boundary = 0.758872
X_new = 1.31873
x_alpha = 0
Cell Velocity at boundary = 0.754505
X_new = 1.32628
x_alpha = 0
Cell Velocity at boundary = 0.750213
X_new = 1.33378
x_alpha = 0
Cell Velocity at boundary = 0.745993
X_new = 1.34124
x_alpha = 0
Cell Velocity at boundary = 0.741844
X_new = 1.34866
x_alpha = 0
Cell Velocity at boundary = 0.737763
X_new = 1.35604
x_alpha = 0
Cell Velocity at boundary = 0.73375
X_new = 1.36337
x_alpha = 0
Cell Velocity at boundary = 0.729801
X_new = 1.37067
x_alpha = 0
Cell Velocity at boundary = 0.725915
X_new = 1.37793
x_alpha = 0
Cell Velocity at boundary = 0.722091
X_new = 1.38515
x_alpha = 0
Cell Velocity at boundary = 0.718326
X_new = 1.39234
x_alpha = 0
Cell Velocity at boundary = 0.71462
X_new = 1.39948
x_alpha = 0
Cell Velocity at boundary = 0.710971
X_new = 1.40659
x_alpha = 0
Cell Velocity at boundary = 0.707378
X_new = 1.41366
x_alpha = 0
Cell Velocity at boundary = 0.703838
X_new = 1.4207
x_alpha = 0
Cell Velocity at boundary = 0.700351
X_new = 1.42771
x_alpha = 0
Cell Velocity at boundary = 0.696916
X_new = 1.43468
x_alpha = 0
Cell Velocity at boundary = 0.69353
X_new = 1.44161
x_alpha = 0
Cell Velocity at boundary = 0.690194
X_new = 1.44851
x_alpha = 0
Cell Velocity at boundary = 0.686905
X_new = 1.45538
x_alpha = 0
Cell Velocity at boundary = 0.683663
X_new = 1.46222
x_alpha = 0
Cell Velocity at boundary = 0.680467
X_new = 1.46902
x_alpha = 0
Cell Velocity at boundary = 0.677315
X_new = 1.4758
x_alpha = 0
Cell Velocity at boundary = 0.674206
X_new = 1.48254
x_alpha = 0
Cell Velocity at boundary = 0.67114
X_new = 1.48925
x_alpha = 0
Cell Velocity at boundary = 0.668115
X_new = 1.49593
x_alpha = 0
Cell Velocity at boundary = 0.665132
X_new = 1.50258
x_alpha = 0
Cell Velocity at boundary = 0.662187
X_new = 1.5092
x_alpha = 0
Cell Velocity at boundary = 0.659282
X_new = 1.5158
x_alpha = 0
Cell Velocity at boundary = 0.656414
X_new = 1.52236
x_alpha = 0
Cell Velocity at boundary = 0.653584
X_new = 1.5289
x_alpha = 0
Cell Velocity at boundary = 0.65079
X_new = 1.5354
x_alpha = 0
Cell Velocity at boundary = 0.648032
X_new = 1.54189
x_alpha = 0
Cell Velocity at boundary = 0.645308
X_new = 1.54834
x_alpha = 0
Cell Velocity at boundary = 0.642619
X_new = 1.55476
x_alpha = 0
Cell Velocity at boundary = 0.639962
X_new = 1.56116
x_alpha = 0
Cell Velocity at boundary = 0.637339
X_new = 1.56754
x_alpha = 0
Cell Velocity at boundary = 0.634748
X_new = 1.57389
x_alpha = 0
Cell Velocity at boundary = 0.632188
X_new = 1.58021
x_alpha = 0
Cell Velocity at boundary = 0.629659
X_new = 1.5865
x_alpha = 0
Cell Velocity at boundary = 0.62716
X_new = 1.59278
x_alpha = 0
Cell Velocity at boundary = 0.62469
X_new = 1.59902
x_alpha = 0
Cell Velocity at boundary = 0.62225
X_new = 1.60524
x_alpha = 0
Cell Velocity at boundary = 0.619838
X_new = 1.61144
x_alpha = 0
Cell Velocity at boundary = 0.617453
X_new = 1.61762
x_alpha = 0
Cell Velocity at boundary = 0.615097
X_new = 1.62377
x_alpha = 0
Cell Velocity at boundary = 0.612767
X_new = 1.6299
x_alpha = 0
Cell Velocity at boundary = 0.610463
X_new = 1.636
x_alpha = 0
Cell Velocity at boundary = 0.608185
X_new = 1.64208
x_alpha = 0
Cell Velocity at boundary = 0.605932
X_new = 1.64814
x_alpha = 0
Cell Velocity at boundary = 0.603705
X_new = 1.65418
x_alpha = 0
Cell Velocity at boundary = 0.601501
X_new = 1.66019
x_alpha = 0
Cell Velocity at boundary = 0.599322
X_new = 1.66619
x_alpha = 0
Cell Velocity at boundary = 0.597166
X_new = 1.67216
x_alpha = 0
Cell Velocity at boundary = 0.595034
X_new = 1.67811
x_alpha = 0
Cell Velocity at boundary = 0.592924
X_new = 1.68404
x_alpha = 0
Cell Velocity at boundary = 0.590836
X_new = 1.68995
x_alpha = 0
Cell Velocity at boundary = 0.588771
X_new = 1.69583
x_alpha = 0
Cell Velocity at boundary = 0.586726
X_new = 1.7017
x_alpha = 0
Cell Velocity at boundary = 0.584704
X_new = 1.70755
x_alpha = 0
Cell Velocity at boundary = 0.582701
X_new = 1.71338
x_alpha = 0
Cell Velocity at boundary = 0.58072
X_new = 1.71918
x_alpha = 0
Cell Velocity at boundary = 0.578758
X_new = 1.72497
x_alpha = 0
Cell Velocity at boundary = 0.576816
X_new = 1.73074
Passed
OK!
