This is pdfTeX, Version 3.14159-1.10b (Web2C 7.4.5) (format=pdflatex 2004.3.25)  5 MAY 2005 09:40
**parallelcode.tex
(./parallelcode.tex{/usr/share/texmf/pdftex/config/pdftex.cfg}
LaTeX2e <2001/06/01>
Babel <v3.7h> and hyphenation patterns for american, french, german, ngerman, n
ohyphenation, loaded.
(/usr/share/texmf/tex/latex/base/article.cls
Document Class: article 2001/04/21 v1.4e Standard LaTeX document class
(/usr/share/texmf/tex/latex/base/size10.clo
File: size10.clo 2001/04/21 v1.4e Standard LaTeX file (size option)
)
\c@part=\count79
\c@section=\count80
\c@subsection=\count81
\c@subsubsection=\count82
\c@paragraph=\count83
\c@subparagraph=\count84
\c@figure=\count85
\c@table=\count86
\abovecaptionskip=\skip41
\belowcaptionskip=\skip42
\bibindent=\dimen102
) (./parallelcode.aux)
\openout1 = `parallelcode.aux'.

LaTeX Font Info:    Checking defaults for OML/cmm/m/it on input line 6.
LaTeX Font Info:    ... okay on input line 6.
LaTeX Font Info:    Checking defaults for T1/cmr/m/n on input line 6.
LaTeX Font Info:    ... okay on input line 6.
LaTeX Font Info:    Checking defaults for OT1/cmr/m/n on input line 6.
LaTeX Font Info:    ... okay on input line 6.
LaTeX Font Info:    Checking defaults for OMS/cmsy/m/n on input line 6.
LaTeX Font Info:    ... okay on input line 6.
LaTeX Font Info:    Checking defaults for OMX/cmex/m/n on input line 6.
LaTeX Font Info:    ... okay on input line 6.
LaTeX Font Info:    Checking defaults for U/cmr/m/n on input line 6.
LaTeX Font Info:    ... okay on input line 6.
LaTeX Font Info:    External font `cmex10' loaded for size
(Font)              <12> on input line 7.
LaTeX Font Info:    External font `cmex10' loaded for size
(Font)              <8> on input line 7.
LaTeX Font Info:    External font `cmex10' loaded for size
(Font)              <6> on input line 7.

Overfull \hbox (1.02736pt too wide) in paragraph at lines 33--36
[]/cmr10/A bound-ary con-di-tion con-tainer is con-structed to con-tain Neu-man
n bound-
 []

LaTeX Font Info:    Try loading font information for OMS+cmr on input line 43.
(/usr/share/texmf/tex/latex/base/omscmr.fd
File: omscmr.fd 1999/05/25 v2.5h Standard LaTeX font definitions
)
LaTeX Font Info:    Font shape `OMS/cmr/m/n' in size <10> not available
(Font)              Font shape `OMS/cmsy/m/n' tried instead on input line 43.

Overfull \hbox (2.60123pt too wide) in paragraph at lines 45--53
/cmr10/and solv-ing a lin-ear sys-tem). Note that the /cmtt10/MonodomainDg0Asse
mbler
 []

[1

{/usr/share/texmf/dvips/config/pdftex.map}]
Overfull \hbox (38.24666pt too wide) in paragraph at lines 100--100
[]    /cmtt10/TS_ASSERT_DELTA(solution_elements[i-lo], real_solution[i], 0.0000
01);[] 
 []

[2] [3] [4] (./parallelcode.aux) ) 
Here is how much of TeX's memory you used:
 253 strings out of 95437
 2767 string characters out of 1188125
 48420 words of memory out of 1000001
 3320 multiletter control sequences out of 10000+50000
 8063 words of font info for 29 fonts, out of 500000 for 1000
 14 hyphenation exceptions out of 1000
 23i,6n,19p,155b,343s stack positions out of 1500i,500n,5000p,200000b,5000s
 37 PDF objects out of 300000
 0 named destinations out of 131072
 0 words of extra memory for PDF output out of 65536
{/usr/share/texmf/dvips/tetex/f7b6d320.enc}</
usr/share/texmf/fonts/type1/bluesky/cm/cmbx10.pfb>{/usr/share/texmf/dvips/tetex
/bbad153f.enc}</usr/share/texmf/fonts/type1/bluesky/cm/cmsy10.pfb>{/usr/share/t
exmf/dvips/tetex/09fbbfac.enc}</usr/share/texmf/fonts/type1/bluesky/cm/cmtt10.p
fb></usr/share/texmf/fonts/type1/bluesky/cm/cmr10.pfb></usr/share/texmf/fonts/t
ype1/bluesky/cm/cmbx12.pfb>{/usr/share/texmf/dvips/tetex/0ef0afca.enc}</usr/sha
re/texmf/fonts/type1/bluesky/cm/cmr5.pfb></usr/share/texmf/fonts/type1/bluesky/
cm/cmr12.pfb></usr/share/texmf/fonts/type1/bluesky/cm/cmr17.pfb>
Output written on parallelcode.pdf (4 pages, 71145 bytes).
